beagle.22Jul22.46e.jar (version 5.4)
Copyright (C) 2014-2022 Brian L. Browning
Enter "java -jar beagle.22Jul22.46e.jar" to list command line argument
Start time: 02:46 PM PDT on 29 Aug 2022

Command line: java -Xmx30688m -jar beagle.22Jul22.46e.jar
  gt=../tmp/X/1kg.X.vcf.gz
  ref=../tmp/X/cohort.X.vcf.gz
  map=../data/plink.map/plink.chrX.GRCh38.map
  out=../tmp/X/1kg.X.imputed
  nthreads=8

Reference samples:                  100
Study     samples:                   40

Window 1 [chrX:2782963-2882959]
Reference markers:                  794
Study     markers:                  691

Imputation time:               0 seconds

Cumulative Statistics:

Reference markers:                  794
Study     markers:                  691

Imputation time:               0 seconds
Total time:                    1 second

End time: 02:46 PM PDT on 29 Aug 2022
beagle.22Jul22.46e.jar finished
