beagle.22Jul22.46e.jar (version 5.4)
Copyright (C) 2014-2022 Brian L. Browning
Enter "java -jar beagle.22Jul22.46e.jar" to list command line argument
Start time: 02:46 PM PDT on 29 Aug 2022

Command line: java -Xmx30688m -jar beagle.22Jul22.46e.jar
  gt=../tmp/19/1kg.19.vcf.gz
  ref=../tmp/19/cohort.19.vcf.gz
  map=../data/plink.map/plink.chr19.GRCh38.map
  out=../tmp/19/1kg.19.imputed
  nthreads=8

Reference samples:                  100
Study     samples:                   40

Window 1 [chr19:229783-329746]
Reference markers:                  273
Study     markers:                  247

Imputation time:               0 seconds

Cumulative Statistics:

Reference markers:                  273
Study     markers:                  247

Imputation time:               0 seconds
Total time:                    1 second

End time: 02:46 PM PDT on 29 Aug 2022
beagle.22Jul22.46e.jar finished
